<?xml version="1.0" encoding="UTF-8"?>
<!-- Generated by org.testng.reporters.JUnitReportReporter -->
<testsuite skipped="0" hostname="RSI1558" name="br.com.rsinet.hub_tdd.Projeto.Pesquisa_TC" tests="2" failures="0" timestamp="28 jan 2020 19:39:43 GMT" time="28.944" errors="0">
  <testcase name="iniciaTest" time="15.660" classname="br.com.rsinet.hub_tdd.Projeto.Pesquisa_TC"/>
  <testcase name="iniciaTestInvalido" time="13.284" classname="br.com.rsinet.hub_tdd.Projeto.Pesquisa_TC"/>
</testsuite> <!-- br.com.rsinet.hub_tdd.Projeto.Pesquisa_TC -->
