<?xml version="1.0" encoding="UTF-8"?>
<!-- Generated by org.testng.reporters.JUnitReportReporter -->
<testsuite skipped="0" hostname="RSI1558" name="br.com.rsinet.hub_tdd.Projeto.Category_TC" tests="1" failures="0" timestamp="15 jan 2020 13:54:10 GMT" time="5.559" errors="0">
  <testcase name="iniciaTest" time="5.559" classname="br.com.rsinet.hub_tdd.Projeto.Category_TC"/>
</testsuite> <!-- br.com.rsinet.hub_tdd.Projeto.Category_TC -->
