<?xml version="1.0" encoding="UTF-8"?>
<!-- Generated by org.testng.reporters.JUnitReportReporter -->
<testsuite skipped="0" hostname="RSI1558" name="br.com.rsinet.hub_tdd.Projeto.Cadastra_TC" tests="2" failures="0" timestamp="15 jan 2020 16:31:20 GMT" time="18.787" errors="0">
  <testcase name="inciaTesteComFalha" time="9.865" classname="br.com.rsinet.hub_tdd.Projeto.Cadastra_TC"/>
  <testcase name="inciaTeste" time="8.922" classname="br.com.rsinet.hub_tdd.Projeto.Cadastra_TC"/>
</testsuite> <!-- br.com.rsinet.hub_tdd.Projeto.Cadastra_TC -->
