<?xml version="1.0" encoding="UTF-8"?>
<!-- Generated by org.testng.reporters.JUnitReportReporter -->
<testsuite skipped="0" hostname="RSI1558" name="br.com.rsinet.hub_tdd.Projeto.Pesquisa_TC" tests="2" failures="0" timestamp="19 jan 2020 14:40:43 GMT" time="56.846" errors="0">
  <testcase name="iniciaTest" time="36.866" classname="br.com.rsinet.hub_tdd.Projeto.Pesquisa_TC"/>
  <testcase name="iniciaTestInvalido" time="19.980" classname="br.com.rsinet.hub_tdd.Projeto.Pesquisa_TC"/>
</testsuite> <!-- br.com.rsinet.hub_tdd.Projeto.Pesquisa_TC -->
