<?xml version="1.0" encoding="UTF-8"?>
<!-- Generated by org.testng.reporters.JUnitReportReporter -->
<testsuite skipped="0" hostname="RSI1558" name="br.com.rsinet.hub_tdd.Projeto.Registra_TC" tests="2" failures="0" timestamp="28 jan 2020 19:39:43 GMT" time="39.294" errors="0">
  <testcase name="inciaTeste" time="21.466" classname="br.com.rsinet.hub_tdd.Projeto.Registra_TC"/>
  <testcase name="inciaTesteComFalha" time="17.828" classname="br.com.rsinet.hub_tdd.Projeto.Registra_TC"/>
</testsuite> <!-- br.com.rsinet.hub_tdd.Projeto.Registra_TC -->
