<?xml version="1.0" encoding="UTF-8"?>
<!-- Generated by org.testng.reporters.JUnitReportReporter -->
<testsuite skipped="0" hostname="RSI1558" name="br.com.rsinet.hub_tdd.Projeto.Category_TC" tests="2" failures="0" timestamp="16 jan 2020 16:14:58 GMT" time="8.585" errors="0">
  <testcase name="iniciaTestInvalido" time="3.065" classname="br.com.rsinet.hub_tdd.Projeto.Category_TC"/>
  <testcase name="iniciaTest" time="5.520" classname="br.com.rsinet.hub_tdd.Projeto.Category_TC"/>
</testsuite> <!-- br.com.rsinet.hub_tdd.Projeto.Category_TC -->
