<?xml version="1.0" encoding="UTF-8"?>
<!-- Generated by org.testng.reporters.JUnitReportReporter -->
<testsuite skipped="0" hostname="RSI1558" name="br.com.rsinet.hub_tdd.Projeto.Pesquisa_TC" tests="2" failures="0" timestamp="16 jan 2020 16:37:58 GMT" time="32.329" errors="0">
  <testcase name="iniciaTest" time="20.063" classname="br.com.rsinet.hub_tdd.Projeto.Pesquisa_TC"/>
  <testcase name="iniciaTestInvalido" time="12.266" classname="br.com.rsinet.hub_tdd.Projeto.Pesquisa_TC"/>
</testsuite> <!-- br.com.rsinet.hub_tdd.Projeto.Pesquisa_TC -->
