<?xml version="1.0" encoding="UTF-8"?>
<!-- Generated by org.testng.reporters.JUnitReportReporter -->
<testsuite skipped="0" hostname="RSI1558" name="br.com.rsinet.hub_tdd.Projeto.Categoria_TC" tests="2" failures="0" timestamp="27 jan 2020 18:40:41 GMT" time="35.188" errors="0">
  <testcase name="iniciaTest" time="17.180" classname="br.com.rsinet.hub_tdd.Projeto.Categoria_TC"/>
  <testcase name="iniciaTestInvalido" time="18.008" classname="br.com.rsinet.hub_tdd.Projeto.Categoria_TC"/>
</testsuite> <!-- br.com.rsinet.hub_tdd.Projeto.Categoria_TC -->
