<?xml version="1.0" encoding="UTF-8"?>
<!-- Generated by org.testng.reporters.JUnitReportReporter -->
<testsuite skipped="0" hostname="RSI1558" name="br.com.rsinet.hub_tdd.Projeto.Registra_TC" tests="2" failures="0" timestamp="27 jan 2020 18:40:41 GMT" time="45.567" errors="0">
  <testcase name="inciaTesteComFalha" time="23.612" classname="br.com.rsinet.hub_tdd.Projeto.Registra_TC"/>
  <testcase name="inciaTeste" time="21.955" classname="br.com.rsinet.hub_tdd.Projeto.Registra_TC"/>
</testsuite> <!-- br.com.rsinet.hub_tdd.Projeto.Registra_TC -->
