<?xml version="1.0" encoding="UTF-8"?>
<!-- Generated by org.testng.reporters.JUnitReportReporter -->
<testsuite skipped="0" hostname="RSI1558" name="br.com.rsinet.hub_tdd.Projeto.Categoria_TC" tests="2" failures="0" timestamp="24 jan 2020 18:32:58 GMT" time="30.654" errors="0">
  <testcase name="iniciaTest" time="15.732" classname="br.com.rsinet.hub_tdd.Projeto.Categoria_TC"/>
  <testcase name="iniciaTestInvalido" time="14.922" classname="br.com.rsinet.hub_tdd.Projeto.Categoria_TC"/>
</testsuite> <!-- br.com.rsinet.hub_tdd.Projeto.Categoria_TC -->
