<?xml version="1.0" encoding="UTF-8"?>
<!-- Generated by org.testng.reporters.JUnitReportReporter -->
<testsuite skipped="0" hostname="RSI1558" name="br.com.rsinet.hub_tdd.Projeto.Registra_TC" tests="2" failures="0" timestamp="24 jan 2020 18:32:58 GMT" time="36.300" errors="0">
  <testcase name="inciaTesteComFalha" time="17.820" classname="br.com.rsinet.hub_tdd.Projeto.Registra_TC"/>
  <testcase name="inciaTeste" time="18.480" classname="br.com.rsinet.hub_tdd.Projeto.Registra_TC"/>
</testsuite> <!-- br.com.rsinet.hub_tdd.Projeto.Registra_TC -->
