<?xml version="1.0" encoding="UTF-8"?>
<!-- Generated by org.testng.reporters.JUnitReportReporter -->
<testsuite skipped="0" hostname="RSI1558" name="br.com.rsinet.hub_tdd.Projeto.Categoria_TC" tests="2" failures="0" timestamp="28 jan 2020 19:39:43 GMT" time="37.475" errors="0">
  <testcase name="iniciaTestInvalido" time="18.018" classname="br.com.rsinet.hub_tdd.Projeto.Categoria_TC"/>
  <testcase name="iniciaTest" time="19.457" classname="br.com.rsinet.hub_tdd.Projeto.Categoria_TC"/>
</testsuite> <!-- br.com.rsinet.hub_tdd.Projeto.Categoria_TC -->
