<?xml version="1.0" encoding="UTF-8"?>
<!-- Generated by org.testng.reporters.JUnitReportReporter -->
<testsuite skipped="0" hostname="RSI1558" name="br.com.rsinet.hub_tdd.Projeto.Pesquisa_TC" tests="2" failures="0" timestamp="27 jan 2020 18:40:41 GMT" time="30.032" errors="0">
  <testcase name="iniciaTest" time="15.768" classname="br.com.rsinet.hub_tdd.Projeto.Pesquisa_TC"/>
  <testcase name="iniciaTestInvalido" time="14.264" classname="br.com.rsinet.hub_tdd.Projeto.Pesquisa_TC"/>
</testsuite> <!-- br.com.rsinet.hub_tdd.Projeto.Pesquisa_TC -->
